2023-07-31 10:51:08,447 INFO autoreload-Watching for file changes with StatReloader
2023-07-31 10:52:11,289 INFO autoreload-C:\Projects\News_portal\NewsPaper\NewsPaper\settings.py changed, reloading.
2023-07-31 10:52:12,218 INFO autoreload-Watching for file changes with StatReloader
2023-07-31 10:52:14,955 INFO autoreload-Watching for file changes with StatReloader
2023-07-31 10:53:34,060 INFO autoreload-Watching for file changes with StatReloader
2023-07-31 10:53:55,160 INFO autoreload-Watching for file changes with StatReloader
2023-07-31 10:54:12,864 INFO autoreload-Watching for file changes with StatReloader
2023-07-31 10:54:21,158 ERROR exception-Invalid HTTP_HOST header: '127.0.0.1:8000'. You may need to add '127.0.0.1' to ALLOWED_HOSTS.
Traceback (most recent call last):
  File "C:\Projects\News_portal\venv\Lib\site-packages\django\core\handlers\exception.py", line 55, in inner
    response = get_response(request)
               ^^^^^^^^^^^^^^^^^^^^^
  File "C:\Projects\News_portal\venv\Lib\site-packages\django\utils\deprecation.py", line 133, in __call__
    response = self.process_request(request)
               ^^^^^^^^^^^^^^^^^^^^^^^^^^^^^
  File "C:\Projects\News_portal\venv\Lib\site-packages\django\middleware\common.py", line 48, in process_request
    host = request.get_host()
           ^^^^^^^^^^^^^^^^^^
  File "C:\Projects\News_portal\venv\Lib\site-packages\django\http\request.py", line 150, in get_host
    raise DisallowedHost(msg)
django.core.exceptions.DisallowedHost: Invalid HTTP_HOST header: '127.0.0.1:8000'. You may need to add '127.0.0.1' to ALLOWED_HOSTS.
2023-07-31 10:54:21,364 ERROR exception-Invalid HTTP_HOST header: '127.0.0.1:8000'. You may need to add '127.0.0.1' to ALLOWED_HOSTS.
Traceback (most recent call last):
  File "C:\Projects\News_portal\venv\Lib\site-packages\django\core\handlers\exception.py", line 55, in inner
    response = get_response(request)
               ^^^^^^^^^^^^^^^^^^^^^
  File "C:\Projects\News_portal\venv\Lib\site-packages\django\utils\deprecation.py", line 133, in __call__
    response = self.process_request(request)
               ^^^^^^^^^^^^^^^^^^^^^^^^^^^^^
  File "C:\Projects\News_portal\venv\Lib\site-packages\django\middleware\common.py", line 48, in process_request
    host = request.get_host()
           ^^^^^^^^^^^^^^^^^^
  File "C:\Projects\News_portal\venv\Lib\site-packages\django\http\request.py", line 150, in get_host
    raise DisallowedHost(msg)
django.core.exceptions.DisallowedHost: Invalid HTTP_HOST header: '127.0.0.1:8000'. You may need to add '127.0.0.1' to ALLOWED_HOSTS.
2023-07-31 10:54:25,254 ERROR exception-Invalid HTTP_HOST header: '127.0.0.1:8000'. You may need to add '127.0.0.1' to ALLOWED_HOSTS.
Traceback (most recent call last):
  File "C:\Projects\News_portal\venv\Lib\site-packages\django\core\handlers\exception.py", line 55, in inner
    response = get_response(request)
               ^^^^^^^^^^^^^^^^^^^^^
  File "C:\Projects\News_portal\venv\Lib\site-packages\django\utils\deprecation.py", line 133, in __call__
    response = self.process_request(request)
               ^^^^^^^^^^^^^^^^^^^^^^^^^^^^^
  File "C:\Projects\News_portal\venv\Lib\site-packages\django\middleware\common.py", line 48, in process_request
    host = request.get_host()
           ^^^^^^^^^^^^^^^^^^
  File "C:\Projects\News_portal\venv\Lib\site-packages\django\http\request.py", line 150, in get_host
    raise DisallowedHost(msg)
django.core.exceptions.DisallowedHost: Invalid HTTP_HOST header: '127.0.0.1:8000'. You may need to add '127.0.0.1' to ALLOWED_HOSTS.
2023-07-31 10:54:25,290 ERROR exception-Invalid HTTP_HOST header: '127.0.0.1:8000'. You may need to add '127.0.0.1' to ALLOWED_HOSTS.
Traceback (most recent call last):
  File "C:\Projects\News_portal\venv\Lib\site-packages\django\core\handlers\exception.py", line 55, in inner
    response = get_response(request)
               ^^^^^^^^^^^^^^^^^^^^^
  File "C:\Projects\News_portal\venv\Lib\site-packages\django\utils\deprecation.py", line 133, in __call__
    response = self.process_request(request)
               ^^^^^^^^^^^^^^^^^^^^^^^^^^^^^
  File "C:\Projects\News_portal\venv\Lib\site-packages\django\middleware\common.py", line 48, in process_request
    host = request.get_host()
           ^^^^^^^^^^^^^^^^^^
  File "C:\Projects\News_portal\venv\Lib\site-packages\django\http\request.py", line 150, in get_host
    raise DisallowedHost(msg)
django.core.exceptions.DisallowedHost: Invalid HTTP_HOST header: '127.0.0.1:8000'. You may need to add '127.0.0.1' to ALLOWED_HOSTS.
2023-07-31 11:02:30,224 INFO autoreload-C:\Projects\News_portal\NewsPaper\NewsPaper\settings.py changed, reloading.
2023-07-31 11:02:31,134 INFO autoreload-Watching for file changes with StatReloader
2023-07-31 11:02:34,663 INFO autoreload-Watching for file changes with StatReloader
2023-07-31 11:04:31,526 INFO autoreload-C:\Projects\News_portal\NewsPaper\NewsPaper\settings.py changed, reloading.
2023-07-31 11:11:07,250 INFO autoreload-Watching for file changes with StatReloader
2023-07-31 11:13:17,761 INFO autoreload-Watching for file changes with StatReloader
2023-07-31 11:20:57,596 INFO autoreload-Watching for file changes with StatReloader
2023-07-31 11:21:53,255 INFO autoreload-Watching for file changes with StatReloader
2023-07-31 11:22:59,363 INFO autoreload-Watching for file changes with StatReloader
2023-07-31 11:23:09,140 ERROR log-Internal Server Error: /posts/search
Traceback (most recent call last):
  File "C:\Projects\News_portal\venv\Lib\site-packages\django\core\handlers\exception.py", line 55, in inner
    response = get_response(request)
               ^^^^^^^^^^^^^^^^^^^^^
  File "C:\Projects\News_portal\venv\Lib\site-packages\django\core\handlers\base.py", line 220, in _get_response
    response = response.render()
               ^^^^^^^^^^^^^^^^^
  File "C:\Projects\News_portal\venv\Lib\site-packages\django\template\response.py", line 114, in render
    self.content = self.rendered_content
                   ^^^^^^^^^^^^^^^^^^^^^
  File "C:\Projects\News_portal\venv\Lib\site-packages\django\template\response.py", line 90, in rendered_content
    template = self.resolve_template(self.template_name)
               ^^^^^^^^^^^^^^^^^^^^^^^^^^^^^^^^^^^^^^^^^
  File "C:\Projects\News_portal\venv\Lib\site-packages\django\template\response.py", line 72, in resolve_template
    return select_template(template, using=self.using)
           ^^^^^^^^^^^^^^^^^^^^^^^^^^^^^^^^^^^^^^^^^^^
  File "C:\Projects\News_portal\venv\Lib\site-packages\django\template\loader.py", line 47, in select_template
    raise TemplateDoesNotExist(", ".join(template_name_list), chain=chain)
django.template.exceptions.TemplateDoesNotExist: search.html, news/post_list.html
2023-07-31 11:23:09,185 ERROR basehttp-"GET /posts/search HTTP/1.1" 500 145
2023-07-31 11:25:57,468 INFO autoreload-C:\Projects\News_portal\NewsPaper\NewsPaper\settings.py changed, reloading.
